[12632] 21 Jan 12:43:14.412 # Creating Server TCP listening socket 127.0.0.1:6379: bind: No such file or directory
[21488] 21 Jan 12:45:20.097 # Creating Server TCP listening socket 127.0.0.1:6379: bind: No such file or directory
[6052] 21 Jan 12:48:45.225 # Creating Server TCP listening socket 127.0.0.1:6379: bind: No such file or directory
[22168] 21 Jan 12:52:55.885 # Creating Server TCP listening socket 127.0.0.1:6379: bind: No such file or directory
[15648] 21 Jan 14:50:22.723 # Creating Server TCP listening socket 127.0.0.1:6379: bind: No such file or directory
[16588] 24 Jan 11:25:38.093 # Creating Server TCP listening socket 127.0.0.1:6379: bind: No such file or directory
[18840] 24 Jan 11:27:58.248 # Creating Server TCP listening socket 127.0.0.1:6379: bind: No such file or directory
                _._                                                  
           _.-``__ ''-._                                             
      _.-``    `.  `_.  ''-._           Redis 2.8.2402 (00000000/0) 64 bit
  .-`` .-```.  ```\/    _.,_ ''-._                                   
 (    '      ,       .-`  | `,    )     Running in stand alone mode
 |`-._`-...-` __...-.``-._|'` _.-'|     Port: 6379
 |    `-._   `._    /     _.-'    |     PID: 2600
  `-._    `-._  `-./  _.-'    _.-'                                   
 |`-._`-._    `-.__.-'    _.-'_.-'|                                  
 |    `-._`-._        _.-'_.-'    |           http://redis.io        
  `-._    `-._`-.__.-'_.-'    _.-'                                   
 |`-._`-._    `-.__.-'    _.-'_.-'|                                  
 |    `-._`-._        _.-'_.-'    |                                  
  `-._    `-._`-.__.-'_.-'    _.-'                                   
      `-._    `-.__.-'    _.-'                                       
          `-._        _.-'                                           
              `-.__.-'                                               

[2600] 24 Jan 11:56:00.146 # Server started, Redis version 2.8.2402
[2600] 24 Jan 11:56:00.146 * The server is now ready to accept connections on port 6379
[2600] 24 Jan 16:42:59.763 # User requested shutdown...
[2600] 24 Jan 16:42:59.763 * Saving the final RDB snapshot before exiting.
[2600] 24 Jan 16:42:59.777 * DB saved on disk
[2600] 24 Jan 16:42:59.777 # Redis is now ready to exit, bye bye...
                _._                                                  
           _.-``__ ''-._                                             
      _.-``    `.  `_.  ''-._           Redis 2.8.2402 (00000000/0) 64 bit
  .-`` .-```.  ```\/    _.,_ ''-._                                   
 (    '      ,       .-`  | `,    )     Running in stand alone mode
 |`-._`-...-` __...-.``-._|'` _.-'|     Port: 6379
 |    `-._   `._    /     _.-'    |     PID: 9364
  `-._    `-._  `-./  _.-'    _.-'                                   
 |`-._`-._    `-.__.-'    _.-'_.-'|                                  
 |    `-._`-._        _.-'_.-'    |           http://redis.io        
  `-._    `-._`-.__.-'_.-'    _.-'                                   
 |`-._`-._    `-.__.-'    _.-'_.-'|                                  
 |    `-._`-._        _.-'_.-'    |                                  
  `-._    `-._`-.__.-'_.-'    _.-'                                   
      `-._    `-.__.-'    _.-'                                       
          `-._        _.-'                                           
              `-.__.-'                                               

[9364] 24 Jan 16:45:48.596 # Server started, Redis version 2.8.2402
[9364] 24 Jan 16:45:48.598 * DB loaded from disk: 0.002 seconds
[9364] 24 Jan 16:45:48.598 * The server is now ready to accept connections on port 6379
[9364] 24 Jan 16:47:22.654 * DB saved on disk
                _._                                                  
           _.-``__ ''-._                                             
      _.-``    `.  `_.  ''-._           Redis 2.8.2402 (00000000/0) 64 bit
  .-`` .-```.  ```\/    _.,_ ''-._                                   
 (    '      ,       .-`  | `,    )     Running in stand alone mode
 |`-._`-...-` __...-.``-._|'` _.-'|     Port: 6379
 |    `-._   `._    /     _.-'    |     PID: 10036
  `-._    `-._  `-./  _.-'    _.-'                                   
 |`-._`-._    `-.__.-'    _.-'_.-'|                                  
 |    `-._`-._        _.-'_.-'    |           http://redis.io        
  `-._    `-._`-.__.-'_.-'    _.-'                                   
 |`-._`-._    `-.__.-'    _.-'_.-'|                                  
 |    `-._`-._        _.-'_.-'    |                                  
  `-._    `-._`-.__.-'_.-'    _.-'                                   
      `-._    `-.__.-'    _.-'                                       
          `-._        _.-'                                           
              `-.__.-'                                               

[10036] 24 Jan 16:51:02.912 # Server started, Redis version 2.8.2402
[10036] 24 Jan 16:51:02.915 * DB loaded from disk: 0.002 seconds
[10036] 24 Jan 16:51:02.915 * The server is now ready to accept connections on port 6379
                _._                                                  
           _.-``__ ''-._                                             
      _.-``    `.  `_.  ''-._           Redis 2.8.2402 (00000000/0) 64 bit
  .-`` .-```.  ```\/    _.,_ ''-._                                   
 (    '      ,       .-`  | `,    )     Running in stand alone mode
 |`-._`-...-` __...-.``-._|'` _.-'|     Port: 6379
 |    `-._   `._    /     _.-'    |     PID: 14624
  `-._    `-._  `-./  _.-'    _.-'                                   
 |`-._`-._    `-.__.-'    _.-'_.-'|                                  
 |    `-._`-._        _.-'_.-'    |           http://redis.io        
  `-._    `-._`-.__.-'_.-'    _.-'                                   
 |`-._`-._    `-.__.-'    _.-'_.-'|                                  
 |    `-._`-._        _.-'_.-'    |                                  
  `-._    `-._`-.__.-'_.-'    _.-'                                   
      `-._    `-.__.-'    _.-'                                       
          `-._        _.-'                                           
              `-.__.-'                                               

[14624] 24 Jan 16:53:40.242 # Server started, Redis version 2.8.2402
[14624] 24 Jan 16:53:40.244 * DB loaded from disk: 0.001 seconds
[14624] 24 Jan 16:53:40.244 * The server is now ready to accept connections on port 6379
[14624] 24 Jan 17:08:41.042 * 1 changes in 900 seconds. Saving...
[14624] 24 Jan 17:08:41.143 * Background saving started by pid 5536
[14624] 24 Jan 17:08:41.444 # fork operation complete
[14624] 24 Jan 17:08:41.451 * Background saving terminated with success
[14624] 24 Jan 17:23:42.005 * 1 changes in 900 seconds. Saving...
[14624] 24 Jan 17:23:42.064 * Background saving started by pid 17168
[14624] 24 Jan 17:23:42.365 # fork operation complete
[14624] 24 Jan 17:23:42.371 * Background saving terminated with success
[14624] 25 Jan 09:43:09.110 * 1 changes in 900 seconds. Saving...
[14624] 25 Jan 09:43:09.249 * Background saving started by pid 7996
[14624] 25 Jan 09:43:09.897 # fork operation complete
[14624] 25 Jan 09:43:09.916 * Background saving terminated with success
[14624] 25 Jan 14:36:25.873 * 1 changes in 900 seconds. Saving...
[14624] 25 Jan 14:36:25.999 * Background saving started by pid 17820
[14624] 25 Jan 14:36:26.401 # fork operation complete
[14624] 25 Jan 14:36:26.409 * Background saving terminated with success
                _._                                                  
           _.-``__ ''-._                                             
      _.-``    `.  `_.  ''-._           Redis 2.8.2402 (00000000/0) 64 bit
  .-`` .-```.  ```\/    _.,_ ''-._                                   
 (    '      ,       .-`  | `,    )     Running in stand alone mode
 |`-._`-...-` __...-.``-._|'` _.-'|     Port: 6379
 |    `-._   `._    /     _.-'    |     PID: 11364
  `-._    `-._  `-./  _.-'    _.-'                                   
 |`-._`-._    `-.__.-'    _.-'_.-'|                                  
 |    `-._`-._        _.-'_.-'    |           http://redis.io        
  `-._    `-._`-.__.-'_.-'    _.-'                                   
 |`-._`-._    `-.__.-'    _.-'_.-'|                                  
 |    `-._`-._        _.-'_.-'    |                                  
  `-._    `-._`-.__.-'_.-'    _.-'                                   
      `-._    `-.__.-'    _.-'                                       
          `-._        _.-'                                           
              `-.__.-'                                               

[11364] 25 Jan 14:56:46.408 # Server started, Redis version 2.8.2402
[11364] 25 Jan 14:56:46.414 * DB loaded from disk: 0.005 seconds
[11364] 25 Jan 14:56:46.414 * The server is now ready to accept connections on port 6379
                _._                                                  
           _.-``__ ''-._                                             
      _.-``    `.  `_.  ''-._           Redis 2.8.2402 (00000000/0) 64 bit
  .-`` .-```.  ```\/    _.,_ ''-._                                   
 (    '      ,       .-`  | `,    )     Running in stand alone mode
 |`-._`-...-` __...-.``-._|'` _.-'|     Port: 6379
 |    `-._   `._    /     _.-'    |     PID: 4924
  `-._    `-._  `-./  _.-'    _.-'                                   
 |`-._`-._    `-.__.-'    _.-'_.-'|                                  
 |    `-._`-._        _.-'_.-'    |           http://redis.io        
  `-._    `-._`-.__.-'_.-'    _.-'                                   
 |`-._`-._    `-.__.-'    _.-'_.-'|                                  
 |    `-._`-._        _.-'_.-'    |                                  
  `-._    `-._`-.__.-'_.-'    _.-'                                   
      `-._    `-.__.-'    _.-'                                       
          `-._        _.-'                                           
              `-.__.-'                                               

[4924] 25 Jan 15:06:33.208 # Server started, Redis version 2.8.2402
[4924] 25 Jan 15:06:33.212 * DB loaded from disk: 0.003 seconds
[4924] 25 Jan 15:06:33.212 * The server is now ready to accept connections on port 6379
[4924] 25 Jan 15:08:12.940 * DB saved on disk
                _._                                                  
           _.-``__ ''-._                                             
      _.-``    `.  `_.  ''-._           Redis 2.8.2402 (00000000/0) 64 bit
  .-`` .-```.  ```\/    _.,_ ''-._                                   
 (    '      ,       .-`  | `,    )     Running in stand alone mode
 |`-._`-...-` __...-.``-._|'` _.-'|     Port: 6379
 |    `-._   `._    /     _.-'    |     PID: 14756
  `-._    `-._  `-./  _.-'    _.-'                                   
 |`-._`-._    `-.__.-'    _.-'_.-'|                                  
 |    `-._`-._        _.-'_.-'    |           http://redis.io        
  `-._    `-._`-.__.-'_.-'    _.-'                                   
 |`-._`-._    `-.__.-'    _.-'_.-'|                                  
 |    `-._`-._        _.-'_.-'    |                                  
  `-._    `-._`-.__.-'_.-'    _.-'                                   
      `-._    `-.__.-'    _.-'                                       
          `-._        _.-'                                           
              `-.__.-'                                               

[14756] 25 Jan 15:11:25.356 # Server started, Redis version 2.8.2402
[14756] 25 Jan 15:11:25.359 * DB loaded from disk: 0.003 seconds
[14756] 25 Jan 15:11:25.359 * The server is now ready to accept connections on port 6379
                _._                                                  
           _.-``__ ''-._                                             
      _.-``    `.  `_.  ''-._           Redis 2.8.2402 (00000000/0) 64 bit
  .-`` .-```.  ```\/    _.,_ ''-._                                   
 (    '      ,       .-`  | `,    )     Running in stand alone mode
 |`-._`-...-` __...-.``-._|'` _.-'|     Port: 6379
 |    `-._   `._    /     _.-'    |     PID: 11756
  `-._    `-._  `-./  _.-'    _.-'                                   
 |`-._`-._    `-.__.-'    _.-'_.-'|                                  
 |    `-._`-._        _.-'_.-'    |           http://redis.io        
  `-._    `-._`-.__.-'_.-'    _.-'                                   
 |`-._`-._    `-.__.-'    _.-'_.-'|                                  
 |    `-._`-._        _.-'_.-'    |                                  
  `-._    `-._`-.__.-'_.-'    _.-'                                   
      `-._    `-.__.-'    _.-'                                       
          `-._        _.-'                                           
              `-.__.-'                                               

[11756] 25 Jan 15:42:52.717 # Server started, Redis version 2.8.2402
[11756] 25 Jan 15:42:52.719 * DB loaded from disk: 0.002 seconds
[11756] 25 Jan 15:42:52.719 * The server is now ready to accept connections on port 6379
[11756] 25 Jan 15:44:28.653 * DB saved on disk
                _._                                                  
           _.-``__ ''-._                                             
      _.-``    `.  `_.  ''-._           Redis 2.8.2402 (00000000/0) 64 bit
  .-`` .-```.  ```\/    _.,_ ''-._                                   
 (    '      ,       .-`  | `,    )     Running in stand alone mode
 |`-._`-...-` __...-.``-._|'` _.-'|     Port: 6379
 |    `-._   `._    /     _.-'    |     PID: 5984
  `-._    `-._  `-./  _.-'    _.-'                                   
 |`-._`-._    `-.__.-'    _.-'_.-'|                                  
 |    `-._`-._        _.-'_.-'    |           http://redis.io        
  `-._    `-._`-.__.-'_.-'    _.-'                                   
 |`-._`-._    `-.__.-'    _.-'_.-'|                                  
 |    `-._`-._        _.-'_.-'    |                                  
  `-._    `-._`-.__.-'_.-'    _.-'                                   
      `-._    `-.__.-'    _.-'                                       
          `-._        _.-'                                           
              `-.__.-'                                               

[5984] 25 Jan 15:45:05.382 # Server started, Redis version 2.8.2402
[5984] 25 Jan 15:45:05.385 * DB loaded from disk: 0.002 seconds
[5984] 25 Jan 15:45:05.385 * The server is now ready to accept connections on port 6379
[5984] 25 Jan 15:46:32.228 * DB saved on disk
                _._                                                  
           _.-``__ ''-._                                             
      _.-``    `.  `_.  ''-._           Redis 2.8.2402 (00000000/0) 64 bit
  .-`` .-```.  ```\/    _.,_ ''-._                                   
 (    '      ,       .-`  | `,    )     Running in stand alone mode
 |`-._`-...-` __...-.``-._|'` _.-'|     Port: 6379
 |    `-._   `._    /     _.-'    |     PID: 9320
  `-._    `-._  `-./  _.-'    _.-'                                   
 |`-._`-._    `-.__.-'    _.-'_.-'|                                  
 |    `-._`-._        _.-'_.-'    |           http://redis.io        
  `-._    `-._`-.__.-'_.-'    _.-'                                   
 |`-._`-._    `-.__.-'    _.-'_.-'|                                  
 |    `-._`-._        _.-'_.-'    |                                  
  `-._    `-._`-.__.-'_.-'    _.-'                                   
      `-._    `-.__.-'    _.-'                                       
          `-._        _.-'                                           
              `-.__.-'                                               

[9320] 25 Jan 15:53:29.624 # Server started, Redis version 2.8.2402
[9320] 25 Jan 15:53:29.625 * DB loaded from disk: 0.001 seconds
[9320] 25 Jan 15:53:29.625 * The server is now ready to accept connections on port 6379
[9320] 25 Jan 15:57:15.047 # User requested shutdown...
[9320] 25 Jan 15:57:15.048 * Saving the final RDB snapshot before exiting.
[9320] 25 Jan 15:57:15.104 * DB saved on disk
[9320] 25 Jan 15:57:15.104 # Redis is now ready to exit, bye bye...
                _._                                                  
           _.-``__ ''-._                                             
      _.-``    `.  `_.  ''-._           Redis 2.8.2402 (00000000/0) 64 bit
  .-`` .-```.  ```\/    _.,_ ''-._                                   
 (    '      ,       .-`  | `,    )     Running in stand alone mode
 |`-._`-...-` __...-.``-._|'` _.-'|     Port: 6379
 |    `-._   `._    /     _.-'    |     PID: 15540
  `-._    `-._  `-./  _.-'    _.-'                                   
 |`-._`-._    `-.__.-'    _.-'_.-'|                                  
 |    `-._`-._        _.-'_.-'    |           http://redis.io        
  `-._    `-._`-.__.-'_.-'    _.-'                                   
 |`-._`-._    `-.__.-'    _.-'_.-'|                                  
 |    `-._`-._        _.-'_.-'    |                                  
  `-._    `-._`-.__.-'_.-'    _.-'                                   
      `-._    `-.__.-'    _.-'                                       
          `-._        _.-'                                           
              `-.__.-'                                               

[15540] 25 Jan 16:01:43.854 # Server started, Redis version 2.8.2402
[15540] 25 Jan 16:01:43.860 * DB loaded from disk: 0.006 seconds
[15540] 25 Jan 16:01:43.860 * The server is now ready to accept connections on port 6379
[15540] 25 Jan 16:16:44.044 * 1 changes in 900 seconds. Saving...
[15540] 25 Jan 16:16:44.139 * Background saving started by pid 6896
[15540] 25 Jan 16:16:44.541 # fork operation complete
[15540] 25 Jan 16:16:44.550 * Background saving terminated with success
[15540] 25 Jan 16:31:45.091 * 1 changes in 900 seconds. Saving...
[15540] 25 Jan 16:31:45.209 * Background saving started by pid 8544
[15540] 25 Jan 16:31:45.610 # fork operation complete
[15540] 25 Jan 16:31:45.625 * Background saving terminated with success
[15540] 25 Jan 17:11:27.991 * 1 changes in 900 seconds. Saving...
[15540] 25 Jan 17:11:28.112 * Background saving started by pid 2888
[15540] 25 Jan 17:11:28.615 # fork operation complete
[15540] 25 Jan 17:11:28.630 * Background saving terminated with success
[15540] 25 Jan 17:26:29.004 * 1 changes in 900 seconds. Saving...
[15540] 25 Jan 17:26:29.085 * Background saving started by pid 13508
[15540] 25 Jan 17:26:29.487 # fork operation complete
[15540] 25 Jan 17:26:29.512 * Background saving terminated with success
[15540] 25 Jan 17:41:30.065 * 1 changes in 900 seconds. Saving...
[15540] 25 Jan 17:41:30.125 * Background saving started by pid 16108
[15540] 25 Jan 17:41:30.528 # fork operation complete
[15540] 25 Jan 17:41:30.540 * Background saving terminated with success
[15540] 25 Jan 17:56:31.087 * 1 changes in 900 seconds. Saving...
[15540] 25 Jan 17:56:31.133 * Background saving started by pid 1056
[15540] 25 Jan 17:56:31.462 # fork operation complete
[15540] 25 Jan 17:56:31.477 * Background saving terminated with success
[15540] 28 Jan 10:56:49.380 * 1 changes in 900 seconds. Saving...
[15540] 28 Jan 10:56:49.974 * Background saving started by pid 7160
[15540] 28 Jan 10:56:52.677 # fork operation complete
[15540] 28 Jan 10:56:52.693 * Background saving terminated with success
[15540] 28 Jan 11:45:17.155 * 1 changes in 900 seconds. Saving...
[15540] 28 Jan 11:45:17.264 * Background saving started by pid 12912
[15540] 28 Jan 11:45:17.702 # fork operation complete
[15540] 28 Jan 11:45:17.717 * Background saving terminated with success
[15540] 28 Jan 12:00:18.084 * 1 changes in 900 seconds. Saving...
[15540] 28 Jan 12:00:18.120 * Background saving started by pid 16668
[15540] 28 Jan 12:00:18.443 # fork operation complete
[15540] 28 Jan 12:00:18.443 * Background saving terminated with success
[15540] 28 Jan 12:25:00.377 * 1 changes in 900 seconds. Saving...
[15540] 28 Jan 12:25:00.435 * Background saving started by pid 17028
[15540] 28 Jan 12:25:00.736 # fork operation complete
[15540] 28 Jan 12:25:00.744 * Background saving terminated with success
[15540] 28 Jan 12:40:01.097 * 1 changes in 900 seconds. Saving...
[15540] 28 Jan 12:40:01.144 * Background saving started by pid 3308
[15540] 28 Jan 12:40:01.444 # fork operation complete
[15540] 28 Jan 12:40:01.451 * Background saving terminated with success
